Lmod has detected the following error: The following module(s) are unknown:
"../../CMSE401_S25_Public/BCCD_Examples/GalaxSee"

Please check the spelling or version number. Also try "module spider ..."
It is also possible your cache file is out-of-date; it may help to try:
  $ module --ignore_cache load
"../../CMSE401_S25_Public/BCCD_Examples/GalaxSee"

Also make sure that all modulefiles written in TCL start with the string
#%Module



JobId=49213560 JobName=galaxsee.sb
   UserId=wijayaju(6090026) GroupId=CMSE401_SS25_S001(2982) MCS_label=N/A
   Priority=61495 Nice=0 Account=general QOS=wijayaju
   JobState=RUNNING Reason=None Dependency=(null)
   Requeue=1 Restarts=0 BatchFlag=1 Reboot=0 ExitCode=0:0
   RunTime=00:00:12 TimeLimit=02:00:00 TimeMin=N/A
   SubmitTime=2025-01-29T11:06:32 EligibleTime=2025-01-29T11:06:32
   AccrueTime=2025-01-29T11:06:32
   StartTime=2025-01-29T11:06:34 EndTime=2025-01-29T13:06:34 Deadline=N/A
   SuspendTime=None SecsPreSuspend=0 LastSchedEval=2025-01-29T11:06:34 Scheduler=Main
   Partition=general-short AllocNode:Sid=dev-amd20:4019873
   ReqNodeList=(null) ExcNodeList=(null)
   NodeList=lac-[033,035-037]
   BatchHost=lac-033
   NumNodes=4 NumCPUs=8 NumTasks=4 CPUs/Task=2 ReqB:S:C:T=0:0:*:*
   ReqTRES=cpu=8,mem=40G,node=4,billing=6225
   AllocTRES=cpu=8,mem=40G,node=4,billing=6225
   Socks/Node=* NtasksPerN:B:S:C=0:0:*:* CoreSpec=*
   MinCPUsNode=2 MinMemoryNode=10G MinTmpDiskNode=0
   Features=[intel16|intel18|(amr|acm)|nvf|nal|nif|agg|agx|(nfh|neh)|nel] DelayBoot=00:00:00
   OverSubscribe=OK Contiguous=0 Licenses=(null) Network=(null)
   Command=/mnt/ufs18/home-096/wijayaju/Repositories/CMSE401/ICA/galaxsee.sb
   WorkDir=/mnt/ufs18/home-096/wijayaju/Repositories/CMSE401/ICA
   Comment=stdout=/mnt/ufs18/home-096/wijayaju/Repositories/CMSE401/ICA/slurm-49213560.out 
   StdErr=/mnt/ufs18/home-096/wijayaju/Repositories/CMSE401/ICA/slurm-49213560.out
   StdIn=/dev/null
   StdOut=/mnt/ufs18/home-096/wijayaju/Repositories/CMSE401/ICA/slurm-49213560.out
   TresPerTask=cpu=2
   

