0.912859

real	0m4.611s
user	0m9.115s
sys	0m0.016s
JobId=50027593 JobName=CMSE401
   UserId=wijayaju(6090026) GroupId=CMSE401_SS25_S001(2982) MCS_label=N/A
   Priority=60873 Nice=0 Account=general QOS=wijayaju
   JobState=RUNNING Reason=None Dependency=(null)
   Requeue=1 Restarts=0 BatchFlag=1 Reboot=0 ExitCode=0:0
   RunTime=00:00:16 TimeLimit=00:10:00 TimeMin=N/A
   SubmitTime=2025-02-10T11:16:38 EligibleTime=2025-02-10T11:16:38
   AccrueTime=2025-02-10T11:16:38
   StartTime=2025-02-10T11:20:08 EndTime=2025-02-10T11:30:08 Deadline=N/A
   SuspendTime=None SecsPreSuspend=0 LastSchedEval=2025-02-10T11:20:08 Scheduler=Backfill
   Partition=general-long AllocNode:Sid=dev-amd20:2263265
   ReqNodeList=(null) ExcNodeList=(null)
   NodeList=lac-[409-412]
   BatchHost=lac-409
   NumNodes=4 NumCPUs=8 NumTasks=8 CPUs/Task=1 ReqB:S:C:T=0:0:2:*
   ReqTRES=cpu=8,mem=4G,node=4,billing=622
   AllocTRES=cpu=8,mem=4G,node=4,billing=622
   Socks/Node=* NtasksPerN:B:S:C=0:0:*:* CoreSpec=*
   MinCPUsNode=1 MinMemoryNode=1G MinTmpDiskNode=0
   Features=[intel16|intel18|(amr|acm)|nvf|nal|nif|agg|agx|(nfh|neh)|nel] DelayBoot=00:00:00
   OverSubscribe=OK Contiguous=0 Licenses=(null) Network=(null)
   Command=/mnt/ufs18/home-096/wijayaju/Repositories/CMSE401/ICA/pi_parallel.sb
   WorkDir=/mnt/ufs18/home-096/wijayaju/Repositories/CMSE401/ICA
   Comment=stdout=/mnt/ufs18/home-096/wijayaju/Repositories/CMSE401/ICA/slurm-50027593.out 
   StdErr=/mnt/ufs18/home-096/wijayaju/Repositories/CMSE401/ICA/slurm-50027593.out
   StdIn=/dev/null
   StdOut=/mnt/ufs18/home-096/wijayaju/Repositories/CMSE401/ICA/slurm-50027593.out
   

